2024-04-11 23:46:49 0 [Note] Starting MariaDB 10.4.32-MariaDB source revision c4143f909528e3fab0677a28631d10389354c491 as process 6288
2024-04-11 23:46:49 0 [Note] InnoDB: Mutexes and rw_locks use Windows interlocked functions
2024-04-11 23:46:49 0 [Note] InnoDB: Uses event mutexes
2024-04-11 23:46:49 0 [Note] InnoDB: Compressed tables use zlib 1.3
2024-04-11 23:46:49 0 [Note] InnoDB: Number of pools: 1
2024-04-11 23:46:49 0 [Note] InnoDB: Using SSE2 crc32 instructions
2024-04-11 23:46:49 0 [Note] InnoDB: Initializing buffer pool, total size = 16M, instances = 1, chunk size = 16M
2024-04-11 23:46:49 0 [Note] InnoDB: Completed initialization of buffer pool
2024-04-11 23:46:49 0 [Note] InnoDB: Starting crash recovery from checkpoint LSN=300288
2024-04-11 23:46:50 0 [Note] InnoDB: 128 out of 128 rollback segments are active.
2024-04-11 23:46:50 0 [Note] InnoDB: Removed temporary tablespace data file: "ibtmp1"
2024-04-11 23:46:50 0 [Note] InnoDB: Creating shared tablespace for temporary tables
2024-04-11 23:46:50 0 [Note] InnoDB: Setting file 'C:\xampp\mysql\data\ibtmp1' size to 12 MB. Physically writing the file full; Please wait ...
2024-04-11 23:46:50 0 [Note] InnoDB: File 'C:\xampp\mysql\data\ibtmp1' size is now 12 MB.
2024-04-11 23:46:50 0 [Note] InnoDB: Waiting for purge to start
2024-04-11 23:46:50 0 [Note] InnoDB: 10.4.32 started; log sequence number 300297; transaction id 170
2024-04-11 23:46:50 0 [Note] InnoDB: Loading buffer pool(s) from C:\xampp\mysql\data\ib_buffer_pool
2024-04-11 23:46:50 0 [Note] Plugin 'FEEDBACK' is disabled.
2024-04-11 23:46:50 0 [Note] Server socket created on IP: '::'.
2024-04-11 23:46:50 0 [Note] InnoDB: Buffer pool(s) load co2024-04-11 23:49:05 0 [Note] Starting MariaDB 10.4.32-MariaDB source revision c4143f909528e3fab0677a28631d10389354c491 as process 18328
2024-04-11 23:49:05 0 [Note] InnoDB: Mutexes and rw_locks use Windows interlocked functions
2024-04-11 23:49:05 0 [Note] InnoDB: Uses event mutexes
2024-04-11 23:49:05 0 [Note] InnoDB: Compressed tables use zlib 1.3
2024-04-11 23:49:05 0 [Note] InnoDB: Number of pools: 1
2024-04-11 23:49:05 0 [Note] InnoDB: Using SSE2 crc32 instructions
2024-04-11 23:49:05 0 [Note] InnoDB: Initializing buffer pool, total size = 16M, instances = 1, chunk size = 16M
2024-04-11 23:49:05 0 [Note] InnoDB: Completed initialization of buffer pool
2024-04-11 23:49:05 0 [Note] InnoDB: Starting crash recovery from checkpoint LSN=300306
2024-04-11 23:49:06 0 [Note] InnoDB: 128 out of 128 rollback segments are active.
2024-04-11 23:49:06 0 [Note] InnoDB: Removed temporary tablespace data file: "ibtmp1"
2024-04-11 23:49:06 0 [Note] InnoDB: Creating shared tablespace for temporary tables
2024-04-11 23:49:06 0 [Note] InnoDB: Setting file 'C:\xampp\mysql\data\ibtmp1' size to 12 MB. Physically writing the file full; Please wait ...
2024-04-11 23:49:06 0 [Note] InnoDB: File 'C:\xampp\mysql\data\ibtmp1' size is now 12 MB.
2024-04-11 23:49:06 0 [Note] InnoDB: Waiting for purge to start
2024-04-11 23:49:06 0 [Note] InnoDB: 10.4.32 started; log sequence number 300315; transaction id 170
2024-04-11 23:49:06 0 [Note] InnoDB: Loading buffer pool(s) from C:\xampp\mysql\data\ib_buffer_pool
2024-04-11 23:49:06 0 [Note] Plugin 'FEEDBACK' is disabled.
2024-04-11 23:49:06 0 [Note] Server socket created on IP: '::'.
2024-04-17 17:12:11 0 [Note] Starting MariaDB 10.4.32-MariaDB source revision c4143f909528e3fab0677a28631d10389354c491 as process 20068
2024-04-17 17:12:11 0 [Note] InnoDB: Mutexes and rw_locks use Windows interlocked functions
2024-04-17 17:12:11 0 [Note] InnoDB: Uses event mutexes
2024-04-17 17:12:11 0 [Note] InnoDB: Compressed tables use zlib 1.3
2024-04-17 17:12:11 0 [Note] InnoDB: Number of pools: 1
2024-04-17 17:12:11 0 [Note] InnoDB: Using SSE2 crc32 instructions
2024-04-17 17:12:11 0 [Note] InnoDB: Initializing buffer pool, total size = 16M, instances = 1, chunk size = 16M
2024-04-17 17:12:11 0 [Note] InnoDB: Completed initialization of buffer pool
2024-04-17 17:12:11 0 [Note] InnoDB: Starting crash recovery from checkpoint LSN=300324
2024-04-17 17:12:11 0 [Note] InnoDB: 128 out of 128 rollback segments are active.
2024-04-17 17:12:11 0 [Note] InnoDB: Removed temporary tablespace data file: "ibtmp1"
2024-04-17 17:12:11 0 [Note] InnoDB: Creating shared tablespace for temporary tables
2024-04-17 17:12:11 0 [Note] InnoDB: Setting file 'C:\xampp\mysql\data\ibtmp1' size to 12 MB. Physically writing the file full; Please wait ...
2024-04-17 17:12:11 0 [Note] InnoDB: File 'C:\xampp\mysql\data\ibtmp1' size is now 12 MB.
2024-04-17 17:12:11 0 [Note] InnoDB: Waiting for purge to start
2024-04-17 17:12:11 0 [Note] InnoDB: 10.4.32 started; log sequence number 300333; transaction id 170
2024-04-17 17:12:11 0 [Note] InnoDB: Loading buffer pool(s) from C:\xampp\mysql\data\ib_buffer_pool
2024-04-17 17:12:11 0 [Note] Plugin 'FEEDBACK' is disabled.
2024-04-17 17:12:12 0 [Note] InnoDB: Buffer pool(s) load completed at 240417 17:12:12
2024-04-17 17:12:12 0 [Note] Server socket created on IP: '::'.
2024-04-18 18:12:19 0 [Note] Starting MariaDB 10.4.32-MariaDB source revision c4143f909528e3fab0677a28631d10389354c491 as process 5984
2024-04-18 18:12:19 0 [Note] InnoDB: Mutexes and rw_locks use Windows interlocked functions
2024-04-18 18:12:19 0 [Note] InnoDB: Uses event mutexes
2024-04-18 18:12:19 0 [Note] InnoDB: Compressed tables use zlib 1.3
2024-04-18 18:12:19 0 [Note] InnoDB: Number of pools: 1
2024-04-18 18:12:19 0 [Note] InnoDB: Using SSE2 crc32 instructions
2024-04-18 18:12:19 0 [Note] InnoDB: Initializing buffer pool, total size = 16M, instances = 1, chunk size = 16M
2024-04-18 18:12:19 0 [Note] InnoDB: Completed initialization of buffer pool
2024-04-18 18:12:19 0 [Note] InnoDB: Starting crash recovery from checkpoint LSN=300342
2024-04-18 18:12:20 0 [Note] InnoDB: 128 out of 128 rollback segments are active.
2024-04-18 18:12:20 0 [Note] InnoDB: Removed temporary tablespace data file: "ibtmp1"
2024-04-18 18:12:20 0 [Note] InnoDB: Creating shared tablespace for temporary tables
2024-04-18 18:12:20 0 [Note] InnoDB: Setting file 'C:\xampp\mysql\data\ibtmp1' size to 12 MB. Physically writing the file full; Please wait ...
2024-04-18 18:12:20 0 [Note] InnoDB: File 'C:\xampp\mysql\data\ibtmp1' size is now 12 MB.
2024-04-18 18:12:20 0 [Note] InnoDB: Waiting for purge to start
2024-04-18 18:12:20 0 [Note] InnoDB: 10.4.32 started; log sequence number 300351; transaction id 170
2024-04-18 18:12:20 0 [Note] Plugin 'FEEDBACK' is disabled.
2024-04-18 18:12:20 0 [Note] InnoDB: Loading buffer pool(s) from C:\xampp\mysql\data\ib_buffer_pool
2024-04-18 18:12:20 0 [Note] InnoDB: Buffer pool(s) load completed at 240418 18:12:20
2024-04-18 18:12:20 0 [Note] Server socket created on IP: '::'.
2024-04-19 21:59:06 0 [Note] Starting MariaDB 10.4.32-MariaDB source revision c4143f909528e3fab0677a28631d10389354c491 as process 25564
2024-04-19 21:59:06 0 [Note] InnoDB: Mutexes and rw_locks use Windows interlocked functions
2024-04-19 21:59:06 0 [Note] InnoDB: Uses event mutexes
2024-04-19 21:59:06 0 [Note] InnoDB: Compressed tables use zlib 1.3
2024-04-19 21:59:06 0 [Note] InnoDB: Number of pools: 1
2024-04-19 21:59:06 0 [Note] InnoDB: Using SSE2 crc32 instructions
2024-04-19 21:59:06 0 [Note] InnoDB: Initializing buffer pool, total size = 16M, instances = 1, chunk size = 16M
2024-04-19 21:59:06 0 [Note] InnoDB: Completed initialization of buffer pool
2024-04-19 21:59:06 0 [Note] InnoDB: Starting crash recovery from checkpoint LSN=376414
2024-04-19 21:59:07 0 [Note] InnoDB: 128 out of 128 rollback segments are active.
2024-04-19 21:59:07 0 [Note] InnoDB: Removed temporary tablespace data file: "ibtmp1"
2024-04-19 21:59:07 0 [Note] InnoDB: Creating shared tablespace for temporary tables
2024-04-19 21:59:07 0 [Note] InnoDB: Setting file 'C:\xampp\mysql\data\ibtmp1' size to 12 MB. Physically writing the file full; Please wait ...
2024-04-19 21:59:07 0 [Note] InnoDB: File 'C:\xampp\mysql\data\ibtmp1' size is now 12 MB.
2024-04-19 21:59:07 0 [Note] InnoDB: Waiting for purge to start
2024-04-19 21:59:07 0 [Note] InnoDB: 10.4.32 started; log sequence number 376423; transaction id 331
2024-04-19 21:59:07 0 [Note] InnoDB: Loading buffer pool(s) from C:\xampp\mysql\data\ib_buffer_pool
2024-04-19 21:59:07 0 [Note] Plugin 'FEEDBACK' is disabled.
2024-04-19 21:59:07 0 [Note] InnoDB: Buffer pool(s) load completed at 240419 21:59:07
2024-04-19 21:59:07 0 [Note] Server socket created on IP: '::'.
2024-04-19 23:34:20 0 [Note] Starting MariaDB 10.4.32-MariaDB source revision c4143f909528e3fab0677a28631d10389354c491 as process 10088
2024-04-19 23:34:20 0 [Note] InnoDB: Mutexes and rw_locks use Windows interlocked functions
2024-04-19 23:34:20 0 [Note] InnoDB: Uses event mutexes
2024-04-19 23:34:20 0 [Note] InnoDB: Compressed tables use zlib 1.3
2024-04-19 23:34:20 0 [Note] InnoDB: Number of pools: 1
2024-04-19 23:34:20 0 [Note] InnoDB: Using SSE2 crc32 instructions
2024-04-19 23:34:20 0 [Note] InnoDB: Initializing buffer pool, total size = 16M, instances = 1, chunk size = 16M
2024-04-19 23:34:20 0 [Note] InnoDB: Completed initialization of buffer pool
2024-04-19 23:34:20 0 [Note] InnoDB: Starting crash recovery from checkpoint LSN=376432
2024-04-19 23:34:20 0 [Note] InnoDB: 128 out of 128 rollback segments are active.
2024-04-19 23:34:20 0 [Note] InnoDB: Removed temporary tablespace data file: "ibtmp1"
2024-04-19 23:34:20 0 [Note] InnoDB: Creating shared tablespace for temporary tables
2024-04-19 23:34:20 0 [Note] InnoDB: Setting file 'C:\xampp\mysql\data\ibtmp1' size to 12 MB. Physically writing the file full; Please wait ...
2024-04-19 23:34:20 0 [Note] InnoDB: File 'C:\xampp\mysql\data\ibtmp1' size is now 12 MB.
2024-04-19 23:34:20 0 [Note] InnoDB: Waiting for purge to start
2024-04-19 23:34:20 0 [Note] InnoDB: 10.4.32 started; log sequence number 376441; transaction id 331
2024-04-19 23:34:20 0 [Note] InnoDB: Loading buffer pool(s) from C:\xampp\mysql\data\ib_buffer_pool
2024-04-19 23:34:20 0 [Note] Plugin 'FEEDBACK' is disabled.
2024-04-19 23:34:20 0 [Note] Server socket created on IP: '::'.
2024-04-19 23:36:51 0 [Note] Starting MariaDB 10.4.32-MariaDB source revision c4143f909528e3fab0677a28631d10389354c491 as process 21216
2024-04-19 23:36:51 0 [Note] InnoDB: Mutexes and rw_locks use Windows interlocked functions
2024-04-19 23:36:51 0 [Note] InnoDB: Uses event mutexes
2024-04-19 23:36:51 0 [Note] InnoDB: Compressed tables use zlib 1.3
2024-04-19 23:36:51 0 [Note] InnoDB: Number of pools: 1
2024-04-19 23:36:51 0 [Note] InnoDB: Using SSE2 crc32 instructions
2024-04-19 23:36:51 0 [Note] InnoDB: Initializing buffer pool, total size = 16M, instances = 1, chunk size = 16M
2024-04-19 23:36:51 0 [Note] InnoDB: Completed initialization of buffer pool
2024-04-19 23:36:51 0 [Note] InnoDB: Starting crash recovery from checkpoint LSN=376450
2024-04-19 23:36:51 0 [Note] InnoDB: 128 out of 128 rollback segments are active.
2024-04-19 23:36:51 0 [Note] InnoDB: Removed temporary tablespace data file: "ibtmp1"
2024-04-19 23:36:51 0 [Note] InnoDB: Creating shared tablespace for temporary tables
2024-04-19 23:36:51 0 [Note] InnoDB: Setting file 'C:\xampp\mysql\data\ibtmp1' size to 12 MB. Physically writing the file full; Please wait ...
2024-04-19 23:36:51 0 [Note] InnoDB: File 'C:\xampp\mysql\data\ibtmp1' size is now 12 MB.
2024-04-19 23:36:51 0 [Note] InnoDB: Waiting for purge to start
2024-04-19 23:36:51 0 [Note] InnoDB: 10.4.32 started; log sequence number 376459; transaction id 331
2024-04-19 23:36:51 0 [Note] InnoDB: Loading buffer pool(s) from C:\xampp\mysql\data\ib_buffer_pool
2024-04-19 23:36:51 0 [Note] Plugin 'FEEDBACK' is disabled.
2024-04-19 23:36:51 0 [Note] Server socket created on IP: '::'.
2024-04-19 23:36:56 0 [Note] Starting MariaDB 10.4.32-MariaDB source revision c4143f909528e3fab0677a28631d10389354c491 as process 5868
2024-04-19 23:36:56 0 [Note] InnoDB: Mutexes and rw_locks use Windows interlocked functions
2024-04-19 23:36:56 0 [Note] InnoDB: Uses event mutexes
2024-04-19 23:36:56 0 [Note] InnoDB: Compressed tables use zlib 1.3
2024-04-19 23:36:56 0 [Note] InnoDB: Number of pools: 1
2024-04-19 23:36:56 0 [Note] InnoDB: Using SSE2 crc32 instructions
2024-04-19 23:36:56 0 [Note] InnoDB: Initializing buffer pool, total size = 16M, instances = 1, chunk size = 16M
2024-04-19 23:36:56 0 [Note] InnoDB: Completed initialization of buffer pool
2024-04-19 23:36:56 0 [Note] InnoDB: Starting crash recovery from checkpoint LSN=376468
2024-04-19 23:36:56 0 [Note] InnoDB: 128 out of 128 rollback segments are active.
2024-04-19 23:36:56 0 [Note] InnoDB: Removed temporary tablespace data file: "ibtmp1"
2024-04-19 23:36:56 0 [Note] InnoDB: Creating shared tablespace for temporary tables
2024-04-19 23:36:56 0 [Note] InnoDB: Setting file 'C:\xampp\mysql\data\ibtmp1' size to 12 MB. Physically writing the file full; Please wait ...
2024-04-19 23:36:56 0 [Note] InnoDB: File 'C:\xampp\mysql\data\ibtmp1' size is now 12 MB.
2024-04-19 23:36:56 0 [Note] InnoDB: Waiting for purge to start
2024-04-19 23:36:56 0 [Note] InnoDB: 10.4.32 started; log sequence number 376477; transaction id 331
2024-04-19 23:36:57 0 [Note] InnoDB: Loading buffer pool(s) from C:\xampp\mysql\data\ib_buffer_pool
2024-04-19 23:36:57 0 [Note] Plugin 'FEEDBACK' is disabled.
2024-04-19 23:36:57 0 [Note] Server socket created on IP: '::'.
2024-04-19 23:37:03 0 [Note] Starting MariaDB 10.4.32-MariaDB source revision c4143f909528e3fab0677a28631d10389354c491 as process 26364
2024-04-19 23:37:03 0 [Note] InnoDB: Mutexes and rw_locks use Windows interlocked functions
2024-04-19 23:37:03 0 [Note] InnoDB: Uses event mutexes
2024-04-19 23:37:03 0 [Note] InnoDB: Compressed tables use zlib 1.3
2024-04-19 23:37:03 0 [Note] InnoDB: Number of pools: 1
2024-04-19 23:37:03 0 [Note] InnoDB: Using SSE2 crc32 instructions
2024-04-19 23:37:03 0 [Note] InnoDB: Initializing buffer pool, total size = 16M, instances = 1, chunk size = 16M
2024-04-19 23:37:03 0 [Note] InnoDB: Completed initialization of buffer pool
2024-04-19 23:37:03 0 [Note] InnoDB: Starting crash recovery from checkpoint LSN=376486
2024-04-19 23:37:03 0 [Note] InnoDB: 128 out of 128 rollback segments are active.
2024-04-19 23:37:03 0 [Note] InnoDB: Removed temporary tablespace data file: "ibtmp1"
2024-04-19 23:37:03 0 [Note] InnoDB: Creating shared tablespace for temporary tables
2024-04-19 23:37:03 0 [Note] InnoDB: Setting file 'C:\xampp\mysql\data\ibtmp1' size to 12 MB. Physically writing the file full; Please wait ...
2024-04-19 23:37:03 0 [Note] InnoDB: File 'C:\xampp\mysql\data\ibtmp1' size is now 12 MB.
2024-04-19 23:37:03 0 [Note] InnoDB: Waiting for purge to start
2024-04-19 23:37:03 0 [Note] InnoDB: 10.4.32 started; log sequence number 376495; transaction id 331
2024-04-19 23:37:03 0 [Note] InnoDB: Loading buffer pool(s) from C:\xampp\mysql\data\ib_buffer_pool
2024-04-19 23:37:03 0 [Note] Plugin 'FEEDBACK' is disabled.
2024-04-19 23:37:03 0 [Note] Server socket created on IP: '::'.
2024-04-20 17:11:03 0 [Note] Starting MariaDB 10.4.32-MariaDB source revision c4143f909528e3fab0677a28631d10389354c491 as process 16712
2024-04-20 17:11:03 0 [Note] InnoDB: Mutexes and rw_locks use Windows interlocked functions
2024-04-20 17:11:03 0 [Note] InnoDB: Uses event mutexes
2024-04-20 17:11:03 0 [Note] InnoDB: Compressed tables use zlib 1.3
2024-04-20 17:11:03 0 [Note] InnoDB: Number of pools: 1
2024-04-20 17:11:03 0 [Note] InnoDB: Using SSE2 crc32 instructions
2024-04-20 17:11:03 0 [Note] InnoDB: Initializing buffer pool, total size = 16M, instances = 1, chunk size = 16M
2024-04-20 17:11:03 0 [Note] InnoDB: Completed initialization of buffer pool
2024-04-20 17:11:03 0 [Note] InnoDB: Starting crash recovery from checkpoint LSN=675070
2024-04-20 17:11:05 0 [Note] InnoDB: 128 out of 128 rollback segments are active.
2024-04-20 17:11:05 0 [Note] InnoDB: Removed temporary tablespace data file: "ibtmp1"
2024-04-20 17:11:05 0 [Note] InnoDB: Creating shared tablespace for temporary tables
2024-04-20 17:11:05 0 [Note] InnoDB: Setting file 'C:\xampp\mysql\data\ibtmp1' size to 12 MB. Physically writing the file full; Please wait ...
2024-04-20 17:11:05 0 [Note] InnoDB: File 'C:\xampp\mysql\data\ibtmp1' size is now 12 MB.
2024-04-20 17:11:05 0 [Note] InnoDB: Waiting for purge to start
2024-04-20 17:11:05 0 [Note] InnoDB: Waiting for purge to start
2024-04-20 17:11:05 0 [Note] InnoDB: Waiting for purge to start
2024-04-20 17:11:05 0 [Note] InnoDB: 10.4.32 started; log sequence number 675079; transaction id 460
2024-04-20 17:11:05 0 [Note] InnoDB: Loading buffer pool(s) from C:\xampp\mysql\data\ib_buffer_pool
2024-04-20 17:11:05 0 [Note] InnoDB: Buffer pool(s) load completed at 240420 17:11:05
2024-04-20 17:11:05 0 [Note] Plugin 'FEEDBACK' is disabled.
2024-04-20 17:11:05 0 [Note] Server socket created on IP: '::'.
2024-04-23 10:06:49 0 [Note] Starting MariaDB 10.4.32-MariaDB source revision c4143f909528e3fab0677a28631d10389354c491 as process 3636
2024-04-23 10:06:49 0 [Note] InnoDB: Mutexes and rw_locks use Windows interlocked functions
2024-04-23 10:06:49 0 [Note] InnoDB: Uses event mutexes
2024-04-23 10:06:49 0 [Note] InnoDB: Compressed tables use zlib 1.3
2024-04-23 10:06:49 0 [Note] InnoDB: Number of pools: 1
2024-04-23 10:06:49 0 [Note] InnoDB: Using SSE2 crc32 instructions
2024-04-23 10:06:49 0 [Note] InnoDB: Initializing buffer pool, total size = 16M, instances = 1, chunk size = 16M
2024-04-23 10:06:49 0 [Note] InnoDB: Completed initialization of buffer pool
2024-04-23 10:06:49 0 [Note] InnoDB: Starting crash recovery from checkpoint LSN=849941
2024-04-23 10:06:53 0 [Note] InnoDB: 128 out of 128 rollback segments are active.
2024-04-23 10:06:53 0 [Note] InnoDB: Removed temporary tablespace data file: "ibtmp1"
2024-04-23 10:06:53 0 [Note] InnoDB: Creating shared tablespace for temporary tables
2024-04-23 10:06:53 0 [Note] InnoDB: Setting file 'C:\xampp\mysql\data\ibtmp1' size to 12 MB. Physically writing the file full; Please wait ...
2024-04-23 10:06:53 0 [Note] InnoDB: File 'C:\xampp\mysql\data\ibtmp1' size is now 12 MB.
2024-04-23 10:06:53 0 [Note] InnoDB: Waiting for purge to start
2024-04-23 10:06:53 0 [Note] InnoDB: 10.4.32 started; log sequence number 849950; transaction id 684
2024-04-23 10:06:53 0 [Note] InnoDB: Loading buffer pool(s) from C:\xampp\mysql\data\ib_buffer_pool
2024-04-23 10:06:53 0 [Note] Plugin 'FEEDBACK' is disabled.
2024-04-23 10:06:53 0 [Note] Server socket created on IP: '::'.
2024-04-25 21:55:20 0 [Note] Starting MariaDB 10.4.32-MariaDB source revision c4143f909528e3fab0677a28631d10389354c491 as process 17404
2024-04-25 21:55:20 0 [Note] InnoDB: Mutexes and rw_locks use Windows interlocked functions
2024-04-25 21:55:20 0 [Note] InnoDB: Uses event mutexes
2024-04-25 21:55:20 0 [Note] InnoDB: Compressed tables use zlib 1.3
2024-04-25 21:55:20 0 [Note] InnoDB: Number of pools: 1
2024-04-25 21:55:20 0 [Note] InnoDB: Using SSE2 crc32 instructions
2024-04-25 21:55:20 0 [Note] InnoDB: Initializing buffer pool, total size = 16M, instances = 1, chunk size = 16M
2024-04-25 21:55:20 0 [Note] InnoDB: Completed initialization of buffer pool
2024-04-25 21:55:20 0 [Note] InnoDB: Starting crash recovery from checkpoint LSN=849959
2024-04-25 21:55:21 0 [Note] InnoDB: 128 out of 128 rollback segments are active.
2024-04-25 21:55:21 0 [Note] InnoDB: Removed temporary tablespace data file: "ibtmp1"
2024-04-25 21:55:21 0 [Note] InnoDB: Creating shared tablespace for temporary tables
2024-04-25 21:55:21 0 [Note] InnoDB: Setting file 'C:\xampp\mysql\data\ibtmp1' size to 12 MB. Physically writing the file full; Please wait ...
2024-04-25 21:55:21 0 [Note] InnoDB: File 'C:\xampp\mysql\data\ibtmp1' size is now 12 MB.
2024-04-25 21:55:21 0 [Note] InnoDB: Waiting for purge to start
2024-04-25 21:55:21 0 [Note] InnoDB: 10.4.32 started; log sequence number 849968; transaction id 684
2024-04-25 21:55:21 0 [Note] InnoDB: Loading buffer pool(s) from C:\xampp\mysql\data\ib_buffer_pool
2024-04-25 21:55:21 0 [Note] Plugin 'FEEDBACK' is disabled.
2024-04-25 21:55:21 0 [Note] Server socket created on IP: '::'.
2024-04-25 22:17:27 0 [Note] Starting MariaDB 10.4.32-MariaDB source revision c4143f909528e3fab0677a28631d10389354c491 as process 25328
2024-04-25 22:17:28 0 [Note] InnoDB: Mutexes and rw_locks use Windows interlocked functions
2024-04-25 22:17:28 0 [Note] InnoDB: Uses event mutexes
2024-04-25 22:17:28 0 [Note] InnoDB: Compressed tables use zlib 1.3
2024-04-25 22:17:28 0 [Note] InnoDB: Number of pools: 1
2024-04-25 22:17:28 0 [Note] InnoDB: Using SSE2 crc32 instructions
2024-04-25 22:17:28 0 [Note] InnoDB: Initializing buffer pool, total size = 16M, instances = 1, chunk size = 16M
2024-04-25 22:17:28 0 [Note] InnoDB: Completed initialization of buffer pool
2024-04-25 22:17:28 0 [Note] InnoDB: 128 out of 128 rollback segments are active.
2024-04-25 22:17:28 0 [Note] InnoDB: Creating shared tablespace for temporary tables
2024-04-25 22:17:28 0 [Note] InnoDB: Setting file 'C:\xampp\mysql\data\ibtmp1' size to 12 MB. Physically writing the file full; Please wait ...
2024-04-25 22:17:28 0 [Note] InnoDB: File 'C:\xampp\mysql\data\ibtmp1' size is now 12 MB.
2024-04-25 22:17:28 0 [Note] InnoDB: Waiting for purge to start
2024-04-25 22:17:28 0 [Note] InnoDB: 10.4.32 started; log sequence number 849977; transaction id 684
2024-04-25 22:17:28 0 [Note] InnoDB: Loading buffer pool(s) from C:\xampp\mysql\data\ib_buffer_pool
2024-04-25 22:17:28 0 [Note] Plugin 'FEEDBACK' is disabled.
2024-04-25 22:17:28 0 [Note] Server socket created on IP: '::'.
2024-04-25 22:21:34 0 [Note] Starting MariaDB 10.4.32-MariaDB source revision c4143f909528e3fab0677a28631d10389354c491 as process 13252
2024-04-25 22:21:34 0 [Note] InnoDB: Mutexes and rw_locks use Windows interlocked functions
2024-04-25 22:21:34 0 [Note] InnoDB: Uses event mutexes
2024-04-25 22:21:34 0 [Note] InnoDB: Compressed tables use zlib 1.3
2024-04-25 22:21:34 0 [Note] InnoDB: Number of pools: 1
2024-04-25 22:21:34 0 [Note] InnoDB: Using SSE2 crc32 instructions
2024-04-25 22:21:34 0 [Note] InnoDB: Initializing buffer pool, total size = 16M, instances = 1, chunk size = 16M
2024-04-25 22:21:34 0 [Note] InnoDB: Completed initialization of buffer pool
2024-04-25 22:21:34 0 [Note] InnoDB: 128 out of 128 rollback segments are active.
2024-04-25 22:21:34 0 [Note] InnoDB: Creating shared tablespace for temporary tables
2024-04-25 22:21:34 0 [Note] InnoDB: Setting file 'C:\xampp\mysql\data\ibtmp1' size to 12 MB. Physically writing the file full; Please wait ...
2024-04-25 22:21:34 0 [Note] InnoDB: File 'C:\xampp\mysql\data\ibtmp1' size is now 12 MB.
2024-04-25 22:21:34 0 [Note] InnoDB: Waiting for purge to start
2024-04-25 22:21:34 0 [Note] InnoDB: 10.4.32 started; log sequence number 849986; transaction id 684
2024-04-25 22:21:34 0 [Note] InnoDB: Loading buffer pool(s) from C:\xampp\mysql\data\ib_buffer_pool
2024-04-25 22:21:34 0 [Note] Plugin 'FEEDBACK' is disabled.
2024-04-25 22:21:34 0 [Note] Server socket created on IP: '::'.
2024-04-25 22:21:37 0 [Note] Starting MariaDB 10.4.32-MariaDB source revision c4143f909528e3fab0677a28631d10389354c491 as process 19896
2024-04-25 22:21:37 0 [Note] InnoDB: Mutexes and rw_locks use Windows interlocked functions
2024-04-25 22:21:37 0 [Note] InnoDB: Uses event mutexes
2024-04-25 22:21:37 0 [Note] InnoDB: Compressed tables use zlib 1.3
2024-04-25 22:21:37 0 [Note] InnoDB: Number of pools: 1
2024-04-25 22:21:37 0 [Note] InnoDB: Using SSE2 crc32 instructions
2024-04-25 22:21:37 0 [Note] InnoDB: Initializing buffer pool, total size = 16M, instances = 1, chunk size = 16M
2024-04-25 22:21:37 0 [Note] InnoDB: Completed initialization of buffer pool
2024-04-25 22:21:38 0 [Note] InnoDB: 128 out of 128 rollback segments are active.
2024-04-25 22:21:38 0 [Note] InnoDB: Creating shared tablespace for temporary tables
2024-04-25 22:21:38 0 [Note] InnoDB: Setting file 'C:\xampp\mysql\data\ibtmp1' size to 12 MB. Physically writing the file full; Please wait ...
2024-04-25 22:21:38 0 [Note] InnoDB: File 'C:\xampp\mysql\data\ibtmp1' size is now 12 MB.
2024-04-25 22:21:38 0 [Note] InnoDB: Waiting for purge to start
2024-04-25 22:21:38 0 [Note] InnoDB: 10.4.32 started; log sequence number 849995; transaction id 684
2024-04-25 22:21:38 0 [Note] InnoDB: Loading buffer pool(s) from C:\xampp\mysql\data\ib_buffer_pool
2024-04-25 22:21:38 0 [Note] Plugin 'FEEDBACK' is disabled.
2024-04-25 22:21:38 0 [Note] Server socket created on IP: '::'.
2024-04-25 22:29:46 0 [Note] Starting MariaDB 10.4.32-MariaDB source revision c4143f909528e3fab0677a28631d10389354c491 as process 15316
2024-04-25 22:29:46 0 [Note] InnoDB: Mutexes and rw_locks use Windows interlocked functions
2024-04-25 22:29:46 0 [Note] InnoDB: Uses event mutexes
2024-04-25 22:29:46 0 [Note] InnoDB: Compressed tables use zlib 1.3
2024-04-25 22:29:46 0 [Note] InnoDB: Number of pools: 1
2024-04-25 22:29:46 0 [Note] InnoDB: Using SSE2 crc32 instructions
2024-04-25 22:29:46 0 [Note] InnoDB: Initializing buffer pool, total size = 16M, instances = 1, chunk size = 16M
2024-04-25 22:29:46 0 [Note] InnoDB: Completed initialization of buffer pool
2024-04-25 22:29:46 0 [Note] InnoDB: 128 out of 128 rollback segments are active.
2024-04-25 22:29:46 0 [Note] InnoDB: Creating shared tablespace for temporary tables
2024-04-25 22:29:46 0 [Note] InnoDB: Setting file 'C:\xampp\mysql\data\ibtmp1' size to 12 MB. Physically writing the file full; Please wait ...
2024-04-25 22:29:46 0 [Note] InnoDB: File 'C:\xampp\mysql\data\ibtmp1' size is now 12 MB.
2024-04-25 22:29:46 0 [Note] InnoDB: Waiting for purge to start
2024-04-25 22:29:46 0 [Note] InnoDB: 10.4.32 started; log sequence number 850004; transaction id 684
2024-04-25 22:29:46 0 [Note] InnoDB: Loading buffer pool(s) from C:\xampp\mysql\data\ib_buffer_pool
2024-04-25 22:29:46 0 [Note] Plugin 'FEEDBACK' is disabled.
2024-04-25 22:29:46 0 [Note] Server socket created on IP: '::'.
2024-04-25 22:30:05 0 [Note] Starting MariaDB 10.4.32-MariaDB source revision c4143f909528e3fab0677a28631d10389354c491 as process 13420
2024-04-25 22:30:05 0 [Note] InnoDB: Mutexes and rw_locks use Windows interlocked functions
2024-04-25 22:30:05 0 [Note] InnoDB: Uses event mutexes
2024-04-25 22:30:05 0 [Note] InnoDB: Compressed tables use zlib 1.3
2024-04-25 22:30:05 0 [Note] InnoDB: Number of pools: 1
2024-04-25 22:30:05 0 [Note] InnoDB: Using SSE2 crc32 instructions
2024-04-25 22:30:05 0 [Note] InnoDB: Initializing buffer pool, total size = 16M, instances = 1, chunk size = 16M
2024-04-25 22:30:05 0 [Note] InnoDB: Completed initialization of buffer pool
2024-04-25 22:30:05 0 [Note] InnoDB: 128 out of 128 rollback segments are active.
2024-04-25 22:30:05 0 [Note] InnoDB: Creating shared tablespace for temporary tables
2024-04-25 22:30:05 0 [Note] InnoDB: Setting file 'C:\xampp\mysql\data\ibtmp1' size to 12 MB. Physically writing the file full; Please wait ...
2024-04-25 22:30:05 0 [Note] InnoDB: File 'C:\xampp\mysql\data\ibtmp1' size is now 12 MB.
2024-04-25 22:30:05 0 [Note] InnoDB: Waiting for purge to start
2024-04-25 22:30:05 0 [Note] InnoDB: 10.4.32 started; log sequence number 850013; transaction id 684
2024-04-25 22:30:05 0 [Note] InnoDB: Loading buffer pool(s) from C:\xampp\mysql\data\ib_buffer_pool
2024-04-25 22:30:05 0 [Note] Plugin 'FEEDBACK' is disabled.
2024-04-25 22:30:05 0 [Note] Server socket created on IP: '::'.
2024-04-25 22:34:31 0 [Note] Starting MariaDB 10.4.32-MariaDB source revision c4143f909528e3fab0677a28631d10389354c491 as process 29572
2024-04-25 22:34:31 0 [Note] InnoDB: Mutexes and rw_locks use Windows interlocked functions
2024-04-25 22:34:31 0 [Note] InnoDB: Uses event mutexes
2024-04-25 22:34:31 0 [Note] InnoDB: Compressed tables use zlib 1.3
2024-04-25 22:34:31 0 [Note] InnoDB: Number of pools: 1
2024-04-25 22:34:31 0 [Note] InnoDB: Using SSE2 crc32 instructions
2024-04-25 22:34:31 0 [Note] InnoDB: Initializing buffer pool, total size = 16M, instances = 1, chunk size = 16M
2024-04-25 22:34:31 0 [Note] InnoDB: Completed initialization of buffer pool
2024-04-25 22:34:31 0 [Note] InnoDB: 128 out of 128 rollback segments are active.
2024-04-25 22:34:31 0 [Note] InnoDB: Creating shared tablespace for temporary tables
2024-04-25 22:34:31 0 [Note] InnoDB: Setting file 'C:\xampp\mysql\data\ibtmp1' size to 12 MB. Physically writing the file full; Please wait ...
2024-04-25 22:34:31 0 [Note] InnoDB: File 'C:\xampp\mysql\data\ibtmp1' size is now 12 MB.
2024-04-25 22:34:31 0 [Note] InnoDB: Waiting for purge to start
2024-04-25 22:34:31 0 [Note] InnoDB: 10.4.32 started; log sequence number 850022; transaction id 684
2024-04-25 22:34:31 0 [Note] InnoDB: Loading buffer pool(s) from C:\xampp\mysql\data\ib_buffer_pool
2024-04-25 22:34:31 0 [Note] Plugin 'FEEDBACK' is disabled.
2024-04-25 22:34:31 0 [Note] Server socket created on IP: '::'.
2024-04-25 22:35:29 0 [Note] Starting MariaDB 10.4.32-MariaDB source revision c4143f909528e3fab0677a28631d10389354c491 as process 14040
2024-04-25 22:35:29 0 [Note] InnoDB: Mutexes and rw_locks use Windows interlocked functions
2024-04-25 22:35:29 0 [Note] InnoDB: Uses event mutexes
2024-04-25 22:35:29 0 [Note] InnoDB: Compressed tables use zlib 1.3
2024-04-25 22:35:29 0 [Note] InnoDB: Number of pools: 1
2024-04-25 22:35:29 0 [Note] InnoDB: Using SSE2 crc32 instructions
2024-04-25 22:35:29 0 [Note] InnoDB: Initializing buffer pool, total size = 16M, instances = 1, chunk size = 16M
2024-04-25 22:35:29 0 [Note] InnoDB: Completed initialization of buffer pool
2024-04-25 22:35:29 0 [Note] InnoDB: 128 out of 128 rollback segments are active.
2024-04-25 22:35:29 0 [Note] InnoDB: Creating shared tablespace for temporary tables
2024-04-25 22:35:29 0 [Note] InnoDB: Setting file 'C:\xampp\mysql\data\ibtmp1' size to 12 MB. Physically writing the file full; Please wait ...
2024-04-25 22:35:29 0 [Note] InnoDB: File 'C:\xampp\mysql\data\ibtmp1' size is now 12 MB.
2024-04-25 22:35:29 0 [Note] InnoDB: Waiting for purge to start
2024-04-25 22:35:29 0 [Note] InnoDB: 10.4.32 started; log sequence number 850031; transaction id 684
2024-04-25 22:35:29 0 [Note] InnoDB: Loading buffer pool(s) from C:\xampp\mysql\data\ib_buffer_pool
2024-04-25 22:35:29 0 [Note] Plugin 'FEEDBACK' is disabled.
2024-04-25 22:35:29 0 [Note] Server socket created on IP: '::'.
2024-04-25 22:38:44 0 [Note] Starting MariaDB 10.4.32-MariaDB source revision c4143f909528e3fab0677a28631d10389354c491 as process 7428
2024-04-25 22:38:44 0 [Note] InnoDB: Mutexes and rw_locks use Windows interlocked functions
2024-04-25 22:38:44 0 [Note] InnoDB: Uses event mutexes
2024-04-25 22:38:44 0 [Note] InnoDB: Compressed tables use zlib 1.3
2024-04-25 22:38:44 0 [Note] InnoDB: Number of pools: 1
2024-04-25 22:38:44 0 [Note] InnoDB: Using SSE2 crc32 instructions
2024-04-25 22:38:44 0 [Note] InnoDB: Initializing buffer pool, total size = 16M, instances = 1, chunk size = 16M
2024-04-25 22:38:44 0 [Note] InnoDB: Completed initialization of buffer pool
2024-04-25 22:38:45 0 [Note] InnoDB: 128 out of 128 rollback segments are active.
2024-04-25 22:38:45 0 [Note] InnoDB: Creating shared tablespace for temporary tables
2024-04-25 22:38:45 0 [Note] InnoDB: Setting file 'C:\xampp\mysql\data\ibtmp1' size to 12 MB. Physically writing the file full; Please wait ...
2024-04-25 22:38:45 0 [Note] InnoDB: File 'C:\xampp\mysql\data\ibtmp1' size is now 12 MB.
2024-04-25 22:38:45 0 [Note] InnoDB: Waiting for purge to start
2024-04-25 22:38:45 0 [Note] InnoDB: Waiting for purge to start
2024-04-25 22:38:45 0 [Note] InnoDB: 10.4.32 started; log sequence number 850040; transaction id 684
2024-04-25 22:38:45 0 [Note] InnoDB: Loading buffer pool(s) from C:\xampp\mysql\data\ib_buffer_pool
2024-04-25 22:38:45 0 [Note] Plugin 'FEEDBACK' is disabled.
2024-04-25 22:38:45 0 [Note] Server socket created on IP: '::'.
2024-04-25 22:55:44 0 [Note] Starting MariaDB 10.4.32-MariaDB source revision c4143f909528e3fab0677a28631d10389354c491 as process 3440
2024-04-25 22:55:44 0 [Note] InnoDB: Mutexes and rw_locks use Windows interlocked functions
2024-04-25 22:55:44 0 [Note] InnoDB: Uses event mutexes
2024-04-25 22:55:44 0 [Note] InnoDB: Compressed tables use zlib 1.3
2024-04-25 22:55:44 0 [Note] InnoDB: Number of pools: 1
2024-04-25 22:55:44 0 [Note] InnoDB: Using SSE2 crc32 instructions
2024-04-25 22:55:44 0 [Note] InnoDB: Initializing buffer pool, total size = 16M, instances = 1, chunk size = 16M
2024-04-25 22:55:44 0 [Note] InnoDB: Completed initialization of buffer pool
2024-04-25 22:55:44 0 [Note] InnoDB: 128 out of 128 rollback segments are active.
2024-04-25 22:55:44 0 [Note] InnoDB: Creating shared tablespace for temporary tables
2024-04-25 22:55:44 0 [Note] InnoDB: Setting file 'C:\xampp\mysql\data\ibtmp1' size to 12 MB. Physically writing the file full; Please wait ...
2024-04-25 22:55:44 0 [Note] InnoDB: File 'C:\xampp\mysql\data\ibtmp1' size is now 12 MB.
2024-04-25 22:55:44 0 [Note] InnoDB: Waiting for purge to start
2024-04-25 22:55:44 0 [Note] InnoDB: 10.4.32 started; log sequence number 850049; transaction id 684
2024-04-25 22:55:44 0 [Note] InnoDB: Loading buffer pool(s) from C:\xampp\mysql\data\ib_buffer_pool
2024-04-25 22:55:44 0 [Note] Plugin 'FEEDBACK' is disabled.
2024-04-25 22:55:44 0 [Note] Server socket created on IP: '::'.
2024-04-25 22:59:33 0 [Note] Starting MariaDB 10.4.32-MariaDB source revision c4143f909528e3fab0677a28631d10389354c491 as process 14184
2024-04-25 22:59:33 0 [Note] InnoDB: Mutexes and rw_locks use Windows interlocked functions
2024-04-25 22:59:33 0 [Note] InnoDB: Uses event mutexes
2024-04-25 22:59:33 0 [Note] InnoDB: Compressed tables use zlib 1.3
2024-04-25 22:59:33 0 [Note] InnoDB: Number of pools: 1
2024-04-25 22:59:33 0 [Note] InnoDB: Using SSE2 crc32 instructions
2024-04-25 22:59:33 0 [Note] InnoDB: Initializing buffer pool, total size = 16M, instances = 1, chunk size = 16M
2024-04-25 22:59:33 0 [Note] InnoDB: Completed initialization of buffer pool
2024-04-25 22:59:34 0 [Note] InnoDB: 128 out of 128 rollback segments are active.
2024-04-25 22:59:34 0 [Note] InnoDB: Creating shared tablespace for temporary tables
2024-04-25 22:59:34 0 [Note] InnoDB: Setting file 'C:\xampp\mysql\data\ibtmp1' size to 12 MB. Physically writing the file full; Please wait ...
2024-04-25 22:59:34 0 [Note] InnoDB: File 'C:\xampp\mysql\data\ibtmp1' size is now 12 MB.
2024-04-25 22:59:34 0 [Note] InnoDB: Waiting for purge to start
2024-04-25 22:59:34 0 [Note] InnoDB: 10.4.32 started; log sequence number 850058; transaction id 684
2024-04-25 22:59:34 0 [Note] InnoDB: Loading buffer pool(s) from C:\xampp\mysql\data\ib_buffer_pool
2024-04-25 22:59:34 0 [Note] Plugin 'FEEDBACK' is disabled.
2024-04-25 22:59:34 0 [Note] Server socket created on IP: '::'.
2024-04-25 23:04:32 0 [Note] Starting MariaDB 10.4.32-MariaDB source revision c4143f909528e3fab0677a28631d10389354c491 as process 15968
2024-04-25 23:04:32 0 [Note] InnoDB: Mutexes and rw_locks use Windows interlocked functions
2024-04-25 23:04:32 0 [Note] InnoDB: Uses event mutexes
2024-04-25 23:04:32 0 [Note] InnoDB: Compressed tables use zlib 1.3
2024-04-25 23:04:32 0 [Note] InnoDB: Number of pools: 1
2024-04-25 23:04:32 0 [Note] InnoDB: Using SSE2 crc32 instructions
2024-04-25 23:04:32 0 [Note] InnoDB: Initializing buffer pool, total size = 16M, instances = 1, chunk size = 16M
2024-04-25 23:04:32 0 [Note] InnoDB: Completed initialization of buffer pool
2024-04-25 23:04:32 0 [Note] InnoDB: 128 out of 128 rollback segments are active.
2024-04-25 23:04:32 0 [Note] InnoDB: Creating shared tablespace for temporary tables
2024-04-25 23:04:32 0 [Note] InnoDB: Setting file 'C:\xampp\mysql\data\ibtmp1' size to 12 MB. Physically writing the file full; Please wait ...
2024-04-25 23:04:32 0 [Note] InnoDB: File 'C:\xampp\mysql\data\ibtmp1' size is now 12 MB.
2024-04-25 23:04:32 0 [Note] InnoDB: Waiting for purge to start
2024-04-25 23:04:32 0 [Note] InnoDB: 10.4.32 started; log sequence number 850067; transaction id 684
2024-04-25 23:04:32 0 [Note] InnoDB: Loading buffer pool(s) from C:\xampp\mysql\data\ib_buffer_pool
2024-04-25 23:04:32 0 [Note] Plugin 'FEEDBACK' is disabled.
2024-04-25 23:04:32 0 [Note] Server socket created on IP: '::'.
2024-04-25 23:32:18 0 [Note] Starting MariaDB 10.4.32-MariaDB source revision c4143f909528e3fab0677a28631d10389354c491 as process 3148
2024-04-25 23:32:18 0 [Note] InnoDB: Mutexes and rw_locks use Windows interlocked functions
2024-04-25 23:32:18 0 [Note] InnoDB: Uses event mutexes
2024-04-25 23:32:18 0 [Note] InnoDB: Compressed tables use zlib 1.3
2024-04-25 23:32:18 0 [Note] InnoDB: Number of pools: 1
2024-04-25 23:32:18 0 [Note] InnoDB: Using SSE2 crc32 instructions
2024-04-25 23:32:18 0 [Note] InnoDB: Initializing buffer pool, total size = 16M, instances = 1, chunk size = 16M
2024-04-25 23:32:18 0 [Note] InnoDB: Completed initialization of buffer pool
2024-04-25 23:32:19 0 [Note] InnoDB: 128 out of 128 rollback segments are active.
2024-04-25 23:32:19 0 [Note] InnoDB: Creating shared tablespace for temporary tables
2024-04-25 23:32:19 0 [Note] InnoDB: Setting file 'C:\xampp\mysql\data\ibtmp1' size to 12 MB. Physically writing the file full; Please wait ...
2024-04-25 23:32:19 0 [Note] InnoDB: File 'C:\xampp\mysql\data\ibtmp1' size is now 12 MB.
2024-04-25 23:32:19 0 [Note] InnoDB: Waiting for purge to start
2024-04-25 23:32:19 0 [Note] InnoDB: 10.4.32 started; log sequence number 850076; transaction id 684
2024-04-25 23:32:19 0 [Note] InnoDB: Loading buffer pool(s) from C:\xampp\mysql\data\ib_buffer_pool
2024-04-25 23:32:19 0 [Note] Plugin 'FEEDBACK' is disabled.
2024-04-25 23:32:19 0 [Note] InnoDB: Buffer pool(s) load completed at 240425 23:32:19
2024-04-25 23:32:19 0 [Note] Server socket created on IP: '::'.
