11:46:37 PM  [main] 	Initializing Control Panel
11:46:37 PM  [main] 	Windows Version:  Enterprise  64-bit
11:46:37 PM  [main] 	XAMPP Version: 8.0.30
11:46:37 PM  [main] 	Control Panel Version: 3.3.0  [ Compiled: Apr 6th 2021 ]
11:46:37 PM  [main] 	You are not running with administrator rights! This will work for
11:46:37 PM  [main] 	most application stuff but whenever you do something with services
11:46:37 PM  [main] 	there will be a security dialogue or things will break! So think 
11:46:37 PM  [main] 	about running this application with administrator rights!
11:46:37 PM  [main] 	XAMPP Installation Directory: "c:\xampp\"
11:46:37 PM  [main] 	Checking for prerequisites
11:46:38 PM  [main] 	All prerequisites found
11:46:38 PM  [main] 	Initializing Modules
11:46:38 PM  [Apache] 	Problem detected!
11:46:38 PM  [Apache] 	Port 443 in use by ""C:\Program Files (x86)\VMware\VMware Workstation\vmware-hostd.exe" -u "C:\ProgramData\VMware\hostd\config.xml"" with PID 7020!
11:46:38 PM  [Apache] 	Apache WILL NOT start without the configured ports free!
11:46:38 PM  [Apache] 	You need to uninstall/disable/reconfigure the blocking application
11:46:38 PM  [Apache] 	or reconfigure Apache and the Control Panel to listen on a different port
11:46:38 PM  [main] 	Starting Check-Timer
11:46:38 PM  [main] 	Control Panel Ready
11:46:44 PM  [Apache] 	Problem detected!
11:46:44 PM  [Apache] 	Port 443 in use by ""C:\Program Files (x86)\VMware\VMware Workstation\vmware-hostd.exe" -u "C:\ProgramData\VMware\hostd\config.xml"" with PID 7020!
11:46:44 PM  [Apache] 	Apache WILL NOT start without the configured ports free!
11:46:44 PM  [Apache] 	You need to uninstall/disable/reconfigure the blocking application
11:46:44 PM  [Apache] 	or reconfigure Apache and the Control Panel to listen on a different port
11:46:44 PM  [Apache] 	Attempting to start Apache app...
11:46:44 PM  [Apache] 	Status change detected: running
11:46:45 PM  [Apache] 	Status change detected: stopped
11:46:45 PM  [Apache] 	Error: Apache shutdown unexpectedly.
11:46:45 PM  [Apache] 	This may be due to a blocked port, missing dependencies, 
11:46:45 PM  [Apache] 	improper privileges, a crash, or a shutdown by another method.
11:46:45 PM  [Apache] 	Press the Logs button to view error logs and check
11:46:45 PM  [Apache] 	the Windows Event Viewer for more clues
11:46:45 PM  [Apache] 	If you need more help, copy and post this
11:46:45 PM  [Apache] 	entire log window on the forums
11:46:48 PM  [mysql] 	Attempting to start MySQL app...
11:46:49 PM  [mysql] 	Status change detected: running
11:46:51 PM  [mysql] 	Attempting to stop MySQL app...
11:46:51 PM  [mysql] 	Status change detected: stopped
11:46:52 PM  [Apache] 	Problem detected!
11:46:52 PM  [Apache] 	Port 443 in use by ""C:\Program Files (x86)\VMware\VMware Workstation\vmware-hostd.exe" -u "C:\ProgramData\VMware\hostd\config.xml"" with PID 7020!
11:46:52 PM  [Apache] 	Apache WILL NOT start without the configured ports free!
11:46:52 PM  [Apache] 	You need to uninstall/disable/reconfigure the blocking application
11:46:52 PM  [Apache] 	or reconfigure Apache and the Control Panel to listen on a different port
11:46:52 PM  [Apache] 	Attempting to start Apache app...
11:46:52 PM  [Apache] 	Status change detected: running
11:46:53 PM  [Apache] 	Status change detected: stopped
11:46:53 PM  [Apache] 	Error: Apache shutdown unexpectedly.
11:46:53 PM  [Apache] 	This may be due to a blocked port, missing dependencies, 
11:46:53 PM  [Apache] 	improper privileges, a crash, or a shutdown by another method.
11:46:53 PM  [Apache] 	Press the Logs button to view error logs and check
11:46:53 PM  [Apache] 	the Windows Event Viewer for more clues
11:46:53 PM  [Apache] 	If you need more help, copy and post this
11:46:53 PM  [Apache] 	entire log window on the forums
11:48:31 PM  [Apache] 	Problem detected!
11:48:31 PM  [Apache] 	Port 443 in use by ""C:\Program Files (x86)\VMware\VMware Workstation\vmware-hostd.exe" -u "C:\ProgramData\VMware\hostd\config.xml"" with PID 7020!
11:48:31 PM  [Apache] 	Apache WILL NOT start without the configured ports free!
11:48:31 PM  [Apache] 	You need to uninstall/disable/reconfigure the blocking application
11:48:31 PM  [Apache] 	or reconfigure Apache and the Control Panel to listen on a different port
11:48:31 PM  [Apache] 	Attempting to start Apache app...
11:48:32 PM  [Apache] 	Status change detected: running
11:49:06 PM  [mysql] 	Status change detected: running
11:49:50 PM  [filezilla] 	Status change detected: running
11:49:55 PM  [filezilla] 	Status change detected: stopped
11:49:55 PM  [filezilla] 	Error: FileZilla shutdown unexpectedly.
11:49:55 PM  [filezilla] 	This may be due to a blocked port, missing dependencies, 
11:49:55 PM  [filezilla] 	improper privileges, a crash, or a shutdown by another method.
11:49:55 PM  [filezilla] 	Press the Logs button to view error logs and check
11:49:55 PM  [filezilla] 	the Windows Event Viewer for more clues
11:49:55 PM  [filezilla] 	If you need more help, copy and post this
11:49:55 PM  [filezilla] 	entire log window on the forums
3:40:58 AM  [main] 	Deinitializing Modules
3:40:58 AM  [main] 	Deinitializing Control Panel

6:12:13 PM  [main] 	Initializing Control Panel
6:12:13 PM  [main] 	Windows Version:  Enterprise  64-bit
6:12:13 PM  [main] 	XAMPP Version: 8.0.30
6:12:13 PM  [main] 	Control Panel Version: 3.3.0  [ Compiled: Apr 6th 2021 ]
6:12:13 PM  [main] 	You are not running with administrator rights! This will work for
6:12:13 PM  [main] 	most application stuff but whenever you do something with services
6:12:13 PM  [main] 	there will be a security dialogue or things will break! So think 
6:12:13 PM  [main] 	about running this application with administrator rights!
6:12:13 PM  [main] 	XAMPP Installation Directory: "c:\xampp\"
6:12:13 PM  [main] 	Checking for prerequisites
6:12:16 PM  [main] 	All prerequisites found
6:12:16 PM  [main] 	Initializing Modules
6:12:16 PM  [Apache] 	Problem detected!
6:12:16 PM  [Apache] 	Port 443 in use by ""C:\Program Files (x86)\VMware\VMware Workstation\vmware-hostd.exe" -u "C:\ProgramData\VMware\hostd\config.xml"" with PID 6348!
6:12:16 PM  [Apache] 	Apache WILL NOT start without the configured ports free!
6:12:16 PM  [Apache] 	You need to uninstall/disable/reconfigure the blocking application
6:12:16 PM  [Apache] 	or reconfigure Apache and the Control Panel to listen on a different port
6:12:16 PM  [main] 	Starting Check-Timer
6:12:16 PM  [main] 	Control Panel Ready
6:12:17 PM  [Apache] 	Problem detected!
6:12:17 PM  [Apache] 	Port 443 in use by ""C:\Program Files (x86)\VMware\VMware Workstation\vmware-hostd.exe" -u "C:\ProgramData\VMware\hostd\config.xml"" with PID 6348!
6:12:17 PM  [Apache] 	Apache WILL NOT start without the configured ports free!
6:12:17 PM  [Apache] 	You need to uninstall/disable/reconfigure the blocking application
6:12:17 PM  [Apache] 	or reconfigure Apache and the Control Panel to listen on a different port
6:12:17 PM  [Apache] 	Attempting to start Apache app...
6:12:18 PM  [Apache] 	Status change detected: running
6:12:18 PM  [mysql] 	Attempting to start MySQL app...
6:12:19 PM  [mysql] 	Status change detected: running
9:59:04 PM  [Apache] 	Attempting to stop Apache (PID: 10672)
9:59:04 PM  [Apache] 	Attempting to stop Apache (PID: 18636)
9:59:04 PM  [Apache] 	Status change detected: stopped
9:59:04 PM  [mysql] 	Attempting to stop MySQL app...
9:59:05 PM  [mysql] 	Status change detected: stopped
9:59:05 PM  [mysql] 	Attempting to start MySQL app...
9:59:06 PM  [Apache] 	Problem detected!
9:59:06 PM  [Apache] 	Port 443 in use by ""C:\Program Files (x86)\VMware\VMware Workstation\vmware-hostd.exe" -u "C:\ProgramData\VMware\hostd\config.xml"" with PID 6348!
9:59:06 PM  [Apache] 	Apache WILL NOT start without the configured ports free!
9:59:06 PM  [Apache] 	You need to uninstall/disable/reconfigure the blocking application
9:59:06 PM  [Apache] 	or reconfigure Apache and the Control Panel to listen on a different port
9:59:06 PM  [Apache] 	Attempting to start Apache app...
9:59:06 PM  [Apache] 	Status change detected: running
9:59:06 PM  [mysql] 	Status change detected: running
9:59:06 PM  [Apache] 	Attempting to stop Apache (PID: 25240)
9:59:07 PM  [Apache] 	Status change detected: stopped
9:59:08 PM  [Apache] 	Problem detected!
9:59:08 PM  [Apache] 	Port 443 in use by ""C:\Program Files (x86)\VMware\VMware Workstation\vmware-hostd.exe" -u "C:\ProgramData\VMware\hostd\config.xml"" with PID 6348!
9:59:08 PM  [Apache] 	Apache WILL NOT start without the configured ports free!
9:59:08 PM  [Apache] 	You need to uninstall/disable/reconfigure the blocking application
9:59:08 PM  [Apache] 	or reconfigure Apache and the Control Panel to listen on a different port
9:59:08 PM  [Apache] 	Attempting to start Apache app...
9:59:08 PM  [Apache] 	Status change detected: running
11:34:19 PM  [mysql] 	Attempting to stop MySQL app...
11:34:19 PM  [mysql] 	Status change detected: stopped
11:34:20 PM  [mysql] 	Attempting to start MySQL app...
11:34:20 PM  [mysql] 	Status change detected: running
11:34:22 PM  [mysql] 	Attempting to stop MySQL app...
11:34:22 PM  [mysql] 	Status change detected: stopped
11:36:50 PM  [Apache] 	Attempting to stop Apache (PID: 2972)
11:36:50 PM  [Apache] 	Attempting to stop Apache (PID: 10284)
11:36:50 PM  [Apache] 	Status change detected: stopped
11:36:51 PM  [mysql] 	Attempting to start MySQL app...
11:36:51 PM  [mysql] 	Status change detected: running
11:36:52 PM  [mysql] 	Attempting to stop MySQL app...
11:36:52 PM  [mysql] 	Status change detected: stopped
11:36:53 PM  [Apache] 	Problem detected!
11:36:53 PM  [Apache] 	Port 443 in use by ""C:\Program Files (x86)\VMware\VMware Workstation\vmware-hostd.exe" -u "C:\ProgramData\VMware\hostd\config.xml"" with PID 6348!
11:36:53 PM  [Apache] 	Apache WILL NOT start without the configured ports free!
11:36:53 PM  [Apache] 	You need to uninstall/disable/reconfigure the blocking application
11:36:53 PM  [Apache] 	or reconfigure Apache and the Control Panel to listen on a different port
11:36:53 PM  [Apache] 	Attempting to start Apache app...
11:36:53 PM  [Apache] 	Status change detected: running
11:36:56 PM  [mysql] 	Attempting to start MySQL app...
11:36:56 PM  [mysql] 	Status change detected: running
11:37:00 PM  [Apache] 	Attempting to stop Apache (PID: 25428)
11:37:00 PM  [Apache] 	Attempting to stop Apache (PID: 19864)
11:37:00 PM  [Apache] 	Status change detected: stopped
11:37:01 PM  [mysql] 	Attempting to stop MySQL app...
11:37:01 PM  [mysql] 	Status change detected: stopped
11:37:02 PM  [mysql] 	Attempting to start MySQL app...
11:37:03 PM  [mysql] 	Status change detected: running
11:37:03 PM  [Apache] 	Problem detected!
11:37:03 PM  [Apache] 	Port 443 in use by ""C:\Program Files (x86)\VMware\VMware Workstation\vmware-hostd.exe" -u "C:\ProgramData\VMware\hostd\config.xml"" with PID 6348!
11:37:03 PM  [Apache] 	Apache WILL NOT start without the configured ports free!
11:37:03 PM  [Apache] 	You need to uninstall/disable/reconfigure the blocking application
11:37:03 PM  [Apache] 	or reconfigure Apache and the Control Panel to listen on a different port
11:37:03 PM  [Apache] 	Attempting to start Apache app...
11:37:04 PM  [Apache] 	Status change detected: running
3:58:48 AM  [Apache] 	Attempting to stop Apache (PID: 25392)
3:58:48 AM  [Apache] 	Attempting to stop Apache (PID: 25564)
3:58:49 AM  [Apache] 	Status change detected: stopped
3:58:49 AM  [mysql] 	Attempting to stop MySQL app...
3:58:49 AM  [mysql] 	Status change detected: stopped
3:59:04 AM  [main] 	Deinitializing Modules
3:59:04 AM  [main] 	Deinitializing Control Panel

11:24:19 PM  [main] 	Initializing Control Panel
11:24:19 PM  [main] 	Windows Version:  Enterprise  64-bit
11:24:19 PM  [main] 	XAMPP Version: 8.0.30
11:24:19 PM  [main] 	Control Panel Version: 3.3.0  [ Compiled: Apr 6th 2021 ]
11:24:19 PM  [main] 	You are not running with administrator rights! This will work for
11:24:19 PM  [main] 	most application stuff but whenever you do something with services
11:24:19 PM  [main] 	there will be a security dialogue or things will break! So think 
11:24:19 PM  [main] 	about running this application with administrator rights!
11:24:19 PM  [main] 	XAMPP Installation Directory: "c:\xampp\"
11:24:19 PM  [main] 	Checking for prerequisites
11:24:22 PM  [main] 	All prerequisites found
11:24:22 PM  [main] 	Initializing Modules
11:24:22 PM  [Apache] 	Problem detected!
11:24:22 PM  [Apache] 	Port 443 in use by ""C:\Program Files (x86)\VMware\VMware Workstation\vmware-hostd.exe" -u "C:\ProgramData\VMware\hostd\config.xml"" with PID 7400!
11:24:22 PM  [Apache] 	Apache WILL NOT start without the configured ports free!
11:24:22 PM  [Apache] 	You need to uninstall/disable/reconfigure the blocking application
11:24:22 PM  [Apache] 	or reconfigure Apache and the Control Panel to listen on a different port
11:24:22 PM  [main] 	Starting Check-Timer
11:24:22 PM  [main] 	Control Panel Ready
11:24:25 PM  [Apache] 	Problem detected!
11:24:25 PM  [Apache] 	Port 443 in use by ""C:\Program Files (x86)\VMware\VMware Workstation\vmware-hostd.exe" -u "C:\ProgramData\VMware\hostd\config.xml"" with PID 7400!
11:24:25 PM  [Apache] 	Apache WILL NOT start without the configured ports free!
11:24:25 PM  [Apache] 	You need to uninstall/disable/reconfigure the blocking application
11:24:25 PM  [Apache] 	or reconfigure Apache and the Control Panel to listen on a different port
11:24:25 PM  [Apache] 	Attempting to start Apache app...
11:24:26 PM  [Apache] 	Status change detected: running
11:24:28 PM  [mysql] 	Attempting to start MySQL app...
11:24:30 PM  [mysql] 	Status change detected: running
5:17:45 AM  [main] 	Deinitializing Modules
5:17:45 AM  [main] 	Deinitializing Control Panel

9:58:40 PM  [main] 	Initializing Control Panel
9:58:40 PM  [main] 	Windows Version:  Enterprise  64-bit
9:58:40 PM  [main] 	XAMPP Version: 8.0.30
9:58:40 PM  [main] 	Control Panel Version: 3.3.0  [ Compiled: Apr 6th 2021 ]
9:58:40 PM  [main] 	You are not running with administrator rights! This will work for
9:58:40 PM  [main] 	most application stuff but whenever you do something with services
9:58:40 PM  [main] 	there will be a security dialogue or things will break! So think 
9:58:40 PM  [main] 	about running this application with administrator rights!
9:58:40 PM  [main] 	XAMPP Installation Directory: "c:\xampp\"
9:58:40 PM  [main] 	Checking for prerequisites
9:58:43 PM  [main] 	All prerequisites found
9:58:43 PM  [main] 	Initializing Modules
9:58:43 PM  [Apache] 	Problem detected!
9:58:43 PM  [Apache] 	Port 443 in use by ""C:\Program Files (x86)\VMware\VMware Workstation\vmware-hostd.exe" -u "C:\ProgramData\VMware\hostd\config.xml"" with PID 6536!
9:58:43 PM  [Apache] 	Apache WILL NOT start without the configured ports free!
9:58:43 PM  [Apache] 	You need to uninstall/disable/reconfigure the blocking application
9:58:43 PM  [Apache] 	or reconfigure Apache and the Control Panel to listen on a different port
9:58:43 PM  [main] 	Starting Check-Timer
9:58:43 PM  [main] 	Control Panel Ready
9:58:45 PM  [Apache] 	Problem detected!
9:58:45 PM  [Apache] 	Port 443 in use by ""C:\Program Files (x86)\VMware\VMware Workstation\vmware-hostd.exe" -u "C:\ProgramData\VMware\hostd\config.xml"" with PID 6536!
9:58:45 PM  [Apache] 	Apache WILL NOT start without the configured ports free!
9:58:45 PM  [Apache] 	You need to uninstall/disable/reconfigure the blocking application
9:58:45 PM  [Apache] 	or reconfigure Apache and the Control Panel to listen on a different port
9:58:45 PM  [Apache] 	Attempting to start Apache app...
9:58:45 PM  [Apache] 	Status change detected: running
9:58:46 PM  [mysql] 	Attempting to start MySQL app...
9:58:47 PM  [mysql] 	Status change detected: running
11:23:14 PM  [mysql] 	Attempting to stop MySQL app...
11:23:14 PM  [mysql] 	Status change detected: stopped
11:23:14 PM  [Apache] 	Attempting to stop Apache (PID: 8076)
11:23:14 PM  [Apache] 	Attempting to stop Apache (PID: 12132)
11:23:15 PM  [Apache] 	Status change detected: stopped
11:23:17 PM  [Apache] 	Problem detected!
11:23:17 PM  [Apache] 	Port 443 in use by ""C:\Program Files (x86)\VMware\VMware Workstation\vmware-hostd.exe" -u "C:\ProgramData\VMware\hostd\config.xml"" with PID 6536!
11:23:17 PM  [Apache] 	Apache WILL NOT start without the configured ports free!
11:23:17 PM  [Apache] 	You need to uninstall/disable/reconfigure the blocking application
11:23:17 PM  [Apache] 	or reconfigure Apache and the Control Panel to listen on a different port
11:23:17 PM  [Apache] 	Attempting to start Apache app...
11:23:17 PM  [Apache] 	Status change detected: running
11:23:18 PM  [mysql] 	Attempting to start MySQL app...
11:23:18 PM  [mysql] 	Status change detected: running
5:04:25 AM  [main] 	Deinitializing Modules
5:04:25 AM  [main] 	Deinitializing Control Panel

